Arguments: 
  /Users/antjenotteboom/.nvm/versions/node/v12.11.1/bin/node /Users/antjenotteboom/.yarn/bin/yarn.js dev

PATH: 
  /Users/antjenotteboom/.yarn/bin:/Users/antjenotteboom/.config/yarn/global/node_modules/.bin:/Users/antjenotteboom/.nvm/versions/node/v12.11.1/bin:/usr/local/bin:/usr/bin:/bin:/usr/sbin:/sbin:/Users/antjenotteboom/.yarn/bin:/Users/antjenotteboom/.config/yarn/global/node_modules/.bin:/Users/antjenotteboom/.nvm/versions/node/v12.11.1/bin

Yarn version: 
  1.19.1

Node version: 
  12.11.1

Platform: 
  darwin x64

Trace: 
  SyntaxError: /Applications/MAMP/htdocs/test/int3-1920-AntjeNotteboom/package.json: Unexpected token , in JSON at position 237
      at JSON.parse (<anonymous>)
      at /Users/antjenotteboom/.yarn/lib/cli.js:1625:59
      at Generator.next (<anonymous>)
      at step (/Users/antjenotteboom/.yarn/lib/cli.js:304:30)
      at /Users/antjenotteboom/.yarn/lib/cli.js:315:13

npm manifest: 
  {
    "name": "integration3",
    "version": "1.0.0",
    "main": "index.js",
    "repository": "https://github.com/devinekask/int3-1920-AntjeNotteboom.git",
    "author": "antje notteboom <antje.notteboom@student.howest.be>",
    "license": "MIT"
  },
  "scripts": {
    "dev": "webpack-dev-server --mode development",
    "prod": "rm -rf dist/ && webpack --mode production"
  },
  "browserslist": [
    "last 2 versions",
    "> 1%",
    "not dead"
  ]
  }

yarn manifest: 
  No manifest

Lockfile: 
  # THIS IS AN AUTOGENERATED FILE. DO NOT EDIT THIS FILE DIRECTLY.
  # yarn lockfile v1
